2024-03-07 16:55:35,977 +0530 [main] DEBUG (Logger.java:82) - suiteXmlPath: "C:\Users\admin\AppData\Local\Temp\testng-eclipse--126594387\testng-customsuite.xml"
2024-03-07 16:55:36,500 +0530 [main] INFO  (Logger.java:112) - [Utils] MethodGroupsHelper.collectMethodsByGroup() took 1 ms.
2024-03-07 16:55:36,520 +0530 [main] INFO  (Logger.java:112) - [Utils] MethodGroupsHelper.sortMethods() took 14 ms.
2024-03-07 16:55:36,524 +0530 [main] INFO  (Logger.java:112) - [Utils] MethodGroupsHelper.collectMethodsByGroup() took 0 ms.
2024-03-07 16:55:36,525 +0530 [main] INFO  (Logger.java:112) - [Utils] MethodGroupsHelper.sortMethods() took 0 ms.
2024-03-07 16:55:36,526 +0530 [main] INFO  (Logger.java:112) - [Utils] MethodGroupsHelper.collectMethodsByGroup() took 0 ms.
2024-03-07 16:55:36,527 +0530 [main] INFO  (Logger.java:112) - [Utils] MethodGroupsHelper.sortMethods() took 0 ms.
2024-03-07 16:55:36,529 +0530 [main] INFO  (Logger.java:112) - [Utils] MethodGroupsHelper.collectMethodsByGroup() took 0 ms.
2024-03-07 16:55:36,529 +0530 [main] INFO  (Logger.java:112) - [Utils] MethodGroupsHelper.sortMethods() took 0 ms.
2024-03-07 16:55:36,538 +0530 [main] INFO  (Logger.java:112) - [Utils] MethodGroupsHelper.collectMethodsByGroup() took 7 ms.
2024-03-07 16:55:36,563 +0530 [main] INFO  (Logger.java:112) - [Utils] MethodGroupsHelper.sortMethods() took 23 ms.
2024-03-07 16:55:36,567 +0530 [main] INFO  (Logger.java:112) - [Utils] MethodGroupsHelper.collectMethodsByGroup() took 0 ms.
2024-03-07 16:55:36,568 +0530 [main] INFO  (Logger.java:112) - [Utils] MethodGroupsHelper.sortMethods() took 0 ms.
2024-03-07 16:55:36,570 +0530 [main] INFO  (Logger.java:112) - [Utils] MethodGroupsHelper.collectMethodsByGroup() took 0 ms.
2024-03-07 16:55:36,572 +0530 [main] INFO  (Logger.java:112) - [Utils] MethodGroupsHelper.sortMethods() took 0 ms.
2024-03-07 16:55:36,574 +0530 [main] INFO  (Logger.java:112) - [Utils] MethodGroupsHelper.collectMethodsByGroup() took 0 ms.
2024-03-07 16:55:36,578 +0530 [main] INFO  (Logger.java:112) - [Utils] MethodGroupsHelper.sortMethods() took 0 ms.
2024-03-07 16:55:36,586 +0530 [main] INFO  (Logger.java:112) - [Utils] MethodGroupsHelper.collectMethodsByGroup() took 0 ms.
2024-03-07 16:55:36,587 +0530 [main] INFO  (Logger.java:112) - [Utils] MethodGroupsHelper.sortMethods() took 0 ms.
2024-03-07 16:55:36,589 +0530 [main] INFO  (Logger.java:112) - [Utils] MethodGroupsHelper.collectMethodsByGroup() took 0 ms.
2024-03-07 16:55:36,590 +0530 [main] INFO  (Logger.java:112) - [Utils] MethodGroupsHelper.sortMethods() took 0 ms.
2024-03-07 16:55:36,593 +0530 [main] INFO  (Logger.java:112) - [Utils] MethodGroupsHelper.collectMethodsByGroup() took 0 ms.
2024-03-07 16:55:36,594 +0530 [main] INFO  (Logger.java:112) - [Utils] MethodGroupsHelper.sortMethods() took 0 ms.
2024-03-07 16:55:36,594 +0530 [main] INFO  (Logger.java:112) - [Utils] MethodGroupsHelper.collectMethodsByGroup() took 0 ms.
2024-03-07 16:55:36,594 +0530 [main] INFO  (Logger.java:112) - [Utils] MethodGroupsHelper.sortMethods() took 0 ms.
2024-03-07 16:55:36,597 +0530 [main] INFO  (Logger.java:112) - [Utils] MethodGroupsHelper.collectMethodsByGroup() took 1 ms.
2024-03-07 16:55:36,598 +0530 [main] INFO  (Logger.java:112) - [Utils] MethodGroupsHelper.sortMethods() took 0 ms.
2024-03-07 16:55:36,600 +0530 [main] INFO  (Logger.java:112) - [Utils] MethodGroupsHelper.collectMethodsByGroup() took 0 ms.
2024-03-07 16:55:36,601 +0530 [main] INFO  (Logger.java:112) - [Utils] MethodGroupsHelper.sortMethods() took 0 ms.
2024-03-07 16:55:36,601 +0530 [main] INFO  (Logger.java:112) - [Utils] MethodGroupsHelper.collectMethodsByGroup() took 0 ms.
2024-03-07 16:55:36,602 +0530 [main] INFO  (Logger.java:112) - [Utils] MethodGroupsHelper.sortMethods() took 0 ms.
2024-03-07 16:55:36,620 +0530 [main] INFO  (Logger.java:112) - [TestNG] Running:
  C:\Users\admin\AppData\Local\Temp\testng-eclipse--126594387\testng-customsuite.xml

2024-03-07 16:55:36,657 +0530 [main] INFO  (Logger.java:112) - [Utils] DynamicGraphHelper.createDynamicGraph() took 8 ms.
2024-03-07 16:55:45,030 +0530 [main] INFO  (Logger.java:112) - [TestNG] Time taken by org.testng.reporters.SuiteHTMLReporter@13cda7c9: 73 ms
2024-03-07 16:55:45,186 +0530 [main] INFO  (Logger.java:112) - [TestNG] Time taken by org.testng.reporters.jq.Main@7d0332e1: 155 ms
2024-03-07 16:55:45,188 +0530 [main] INFO  (Logger.java:112) - [TestNG] Time taken by org.testng.reporters.FailedReporter@7a356a0d: 1 ms
2024-03-07 16:55:45,200 +0530 [main] INFO  (Logger.java:112) - [TestNG] Time taken by org.testng.reporters.XMLReporter@46044faa: 12 ms
2024-03-07 16:55:45,209 +0530 [main] INFO  (Logger.java:112) - [TestNG] Time taken by org.testng.reporters.EmailableReporter2@65e7f52a: 9 ms
2024-03-07 16:55:45,215 +0530 [main] INFO  (Logger.java:112) - [TestNG] Time taken by org.testng.reporters.JUnitReportReporter@7daa61f3: 6 ms
2024-03-07 16:55:45,215 +0530 [main] INFO  (Logger.java:112) - [TestNG] Time taken by org.testng.internal.ExitCodeListener@62315f22: 0 ms
2024-03-07 17:03:20,328 +0530 [main] DEBUG (Logger.java:82) - suiteXmlPath: "C:\Users\admin\AppData\Local\Temp\testng-eclipse-501955621\testng-customsuite.xml"
2024-03-07 17:03:21,266 +0530 [main] INFO  (Logger.java:112) - [Utils] MethodGroupsHelper.collectMethodsByGroup() took 1 ms.
2024-03-07 17:03:21,298 +0530 [main] INFO  (Logger.java:112) - [Utils] MethodGroupsHelper.sortMethods() took 5 ms.
2024-03-07 17:03:21,304 +0530 [main] INFO  (Logger.java:112) - [Utils] MethodGroupsHelper.collectMethodsByGroup() took 0 ms.
2024-03-07 17:03:21,305 +0530 [main] INFO  (Logger.java:112) - [Utils] MethodGroupsHelper.sortMethods() took 0 ms.
2024-03-07 17:03:21,309 +0530 [main] INFO  (Logger.java:112) - [Utils] MethodGroupsHelper.collectMethodsByGroup() took 0 ms.
2024-03-07 17:03:21,311 +0530 [main] INFO  (Logger.java:112) - [Utils] MethodGroupsHelper.sortMethods() took 0 ms.
2024-03-07 17:03:21,314 +0530 [main] INFO  (Logger.java:112) - [Utils] MethodGroupsHelper.collectMethodsByGroup() took 0 ms.
2024-03-07 17:03:21,315 +0530 [main] INFO  (Logger.java:112) - [Utils] MethodGroupsHelper.sortMethods() took 0 ms.
2024-03-07 17:03:21,332 +0530 [main] INFO  (Logger.java:112) - [Utils] MethodGroupsHelper.collectMethodsByGroup() took 11 ms.
2024-03-07 17:03:21,375 +0530 [main] INFO  (Logger.java:112) - [Utils] MethodGroupsHelper.sortMethods() took 41 ms.
2024-03-07 17:03:21,381 +0530 [main] INFO  (Logger.java:112) - [Utils] MethodGroupsHelper.collectMethodsByGroup() took 0 ms.
2024-03-07 17:03:21,383 +0530 [main] INFO  (Logger.java:112) - [Utils] MethodGroupsHelper.sortMethods() took 0 ms.
2024-03-07 17:03:21,386 +0530 [main] INFO  (Logger.java:112) - [Utils] MethodGroupsHelper.collectMethodsByGroup() took 0 ms.
2024-03-07 17:03:21,387 +0530 [main] INFO  (Logger.java:112) - [Utils] MethodGroupsHelper.sortMethods() took 0 ms.
2024-03-07 17:03:21,391 +0530 [main] INFO  (Logger.java:112) - [Utils] MethodGroupsHelper.collectMethodsByGroup() took 0 ms.
2024-03-07 17:03:21,397 +0530 [main] INFO  (Logger.java:112) - [Utils] MethodGroupsHelper.sortMethods() took 0 ms.
2024-03-07 17:03:21,408 +0530 [main] INFO  (Logger.java:112) - [Utils] MethodGroupsHelper.collectMethodsByGroup() took 0 ms.
2024-03-07 17:03:21,409 +0530 [main] INFO  (Logger.java:112) - [Utils] MethodGroupsHelper.sortMethods() took 0 ms.
2024-03-07 17:03:21,412 +0530 [main] INFO  (Logger.java:112) - [Utils] MethodGroupsHelper.collectMethodsByGroup() took 0 ms.
2024-03-07 17:03:21,412 +0530 [main] INFO  (Logger.java:112) - [Utils] MethodGroupsHelper.sortMethods() took 0 ms.
2024-03-07 17:03:21,417 +0530 [main] INFO  (Logger.java:112) - [Utils] MethodGroupsHelper.collectMethodsByGroup() took 0 ms.
2024-03-07 17:03:21,417 +0530 [main] INFO  (Logger.java:112) - [Utils] MethodGroupsHelper.sortMethods() took 0 ms.
2024-03-07 17:03:21,418 +0530 [main] INFO  (Logger.java:112) - [Utils] MethodGroupsHelper.collectMethodsByGroup() took 0 ms.
2024-03-07 17:03:21,418 +0530 [main] INFO  (Logger.java:112) - [Utils] MethodGroupsHelper.sortMethods() took 0 ms.
2024-03-07 17:03:21,422 +0530 [main] INFO  (Logger.java:112) - [Utils] MethodGroupsHelper.collectMethodsByGroup() took 1 ms.
2024-03-07 17:03:21,424 +0530 [main] INFO  (Logger.java:112) - [Utils] MethodGroupsHelper.sortMethods() took 1 ms.
2024-03-07 17:03:21,429 +0530 [main] INFO  (Logger.java:112) - [Utils] MethodGroupsHelper.collectMethodsByGroup() took 0 ms.
2024-03-07 17:03:21,430 +0530 [main] INFO  (Logger.java:112) - [Utils] MethodGroupsHelper.sortMethods() took 0 ms.
2024-03-07 17:03:21,430 +0530 [main] INFO  (Logger.java:112) - [Utils] MethodGroupsHelper.collectMethodsByGroup() took 0 ms.
2024-03-07 17:03:21,430 +0530 [main] INFO  (Logger.java:112) - [Utils] MethodGroupsHelper.sortMethods() took 0 ms.
2024-03-07 17:03:21,450 +0530 [main] INFO  (Logger.java:112) - [TestNG] Running:
  C:\Users\admin\AppData\Local\Temp\testng-eclipse-501955621\testng-customsuite.xml

2024-03-07 17:03:21,486 +0530 [main] INFO  (Logger.java:112) - [Utils] DynamicGraphHelper.createDynamicGraph() took 6 ms.
2024-03-07 17:03:28,224 +0530 [main] INFO  (Logger.java:112) - [TestNG] Time taken by org.testng.reporters.SuiteHTMLReporter@777c9dc9: 40 ms
2024-03-07 17:03:28,286 +0530 [main] INFO  (Logger.java:112) - [TestNG] Time taken by org.testng.reporters.jq.Main@341a8659: 60 ms
2024-03-07 17:03:28,304 +0530 [main] INFO  (Logger.java:112) - [TestNG] Time taken by org.testng.reporters.FailedReporter@654b72c0: 18 ms
2024-03-07 17:03:28,316 +0530 [main] INFO  (Logger.java:112) - [TestNG] Time taken by org.testng.reporters.XMLReporter@325f7fa9: 12 ms
2024-03-07 17:03:28,324 +0530 [main] INFO  (Logger.java:112) - [TestNG] Time taken by org.testng.reporters.EmailableReporter2@1bdbf9be: 8 ms
2024-03-07 17:03:28,333 +0530 [main] INFO  (Logger.java:112) - [TestNG] Time taken by org.testng.reporters.JUnitReportReporter@15f193b8: 9 ms
2024-03-07 17:03:28,333 +0530 [main] INFO  (Logger.java:112) - [TestNG] Time taken by org.testng.internal.ExitCodeListener@2516fc68: 0 ms
2024-03-07 17:04:30,817 +0530 [main] DEBUG (Logger.java:82) - suiteXmlPath: "C:\Users\admin\AppData\Local\Temp\testng-eclipse-1145163837\testng-customsuite.xml"
2024-03-07 17:04:31,714 +0530 [main] INFO  (Logger.java:112) - [Utils] MethodGroupsHelper.collectMethodsByGroup() took 2 ms.
2024-03-07 17:04:31,748 +0530 [main] INFO  (Logger.java:112) - [Utils] MethodGroupsHelper.sortMethods() took 6 ms.
2024-03-07 17:04:31,754 +0530 [main] INFO  (Logger.java:112) - [Utils] MethodGroupsHelper.collectMethodsByGroup() took 0 ms.
2024-03-07 17:04:31,755 +0530 [main] INFO  (Logger.java:112) - [Utils] MethodGroupsHelper.sortMethods() took 0 ms.
2024-03-07 17:04:31,757 +0530 [main] INFO  (Logger.java:112) - [Utils] MethodGroupsHelper.collectMethodsByGroup() took 0 ms.
2024-03-07 17:04:31,759 +0530 [main] INFO  (Logger.java:112) - [Utils] MethodGroupsHelper.sortMethods() took 0 ms.
2024-03-07 17:04:31,761 +0530 [main] INFO  (Logger.java:112) - [Utils] MethodGroupsHelper.collectMethodsByGroup() took 0 ms.
2024-03-07 17:04:31,762 +0530 [main] INFO  (Logger.java:112) - [Utils] MethodGroupsHelper.sortMethods() took 0 ms.
2024-03-07 17:04:31,777 +0530 [main] INFO  (Logger.java:112) - [Utils] MethodGroupsHelper.collectMethodsByGroup() took 12 ms.
2024-03-07 17:04:31,815 +0530 [main] INFO  (Logger.java:112) - [Utils] MethodGroupsHelper.sortMethods() took 36 ms.
2024-03-07 17:04:31,820 +0530 [main] INFO  (Logger.java:112) - [Utils] MethodGroupsHelper.collectMethodsByGroup() took 0 ms.
2024-03-07 17:04:31,821 +0530 [main] INFO  (Logger.java:112) - [Utils] MethodGroupsHelper.sortMethods() took 0 ms.
2024-03-07 17:04:31,826 +0530 [main] INFO  (Logger.java:112) - [Utils] MethodGroupsHelper.collectMethodsByGroup() took 0 ms.
2024-03-07 17:04:31,826 +0530 [main] INFO  (Logger.java:112) - [Utils] MethodGroupsHelper.sortMethods() took 0 ms.
2024-03-07 17:04:31,829 +0530 [main] INFO  (Logger.java:112) - [Utils] MethodGroupsHelper.collectMethodsByGroup() took 0 ms.
2024-03-07 17:04:31,836 +0530 [main] INFO  (Logger.java:112) - [Utils] MethodGroupsHelper.sortMethods() took 0 ms.
2024-03-07 17:04:31,847 +0530 [main] INFO  (Logger.java:112) - [Utils] MethodGroupsHelper.collectMethodsByGroup() took 1 ms.
2024-03-07 17:04:31,848 +0530 [main] INFO  (Logger.java:112) - [Utils] MethodGroupsHelper.sortMethods() took 0 ms.
2024-03-07 17:04:31,850 +0530 [main] INFO  (Logger.java:112) - [Utils] MethodGroupsHelper.collectMethodsByGroup() took 0 ms.
2024-03-07 17:04:31,851 +0530 [main] INFO  (Logger.java:112) - [Utils] MethodGroupsHelper.sortMethods() took 0 ms.
2024-03-07 17:04:31,855 +0530 [main] INFO  (Logger.java:112) - [Utils] MethodGroupsHelper.collectMethodsByGroup() took 0 ms.
2024-03-07 17:04:31,856 +0530 [main] INFO  (Logger.java:112) - [Utils] MethodGroupsHelper.sortMethods() took 0 ms.
2024-03-07 17:04:31,857 +0530 [main] INFO  (Logger.java:112) - [Utils] MethodGroupsHelper.collectMethodsByGroup() took 0 ms.
2024-03-07 17:04:31,858 +0530 [main] INFO  (Logger.java:112) - [Utils] MethodGroupsHelper.sortMethods() took 0 ms.
2024-03-07 17:04:31,863 +0530 [main] INFO  (Logger.java:112) - [Utils] MethodGroupsHelper.collectMethodsByGroup() took 1 ms.
2024-03-07 17:04:31,864 +0530 [main] INFO  (Logger.java:112) - [Utils] MethodGroupsHelper.sortMethods() took 1 ms.
2024-03-07 17:04:31,868 +0530 [main] INFO  (Logger.java:112) - [Utils] MethodGroupsHelper.collectMethodsByGroup() took 0 ms.
2024-03-07 17:04:31,869 +0530 [main] INFO  (Logger.java:112) - [Utils] MethodGroupsHelper.sortMethods() took 0 ms.
2024-03-07 17:04:31,869 +0530 [main] INFO  (Logger.java:112) - [Utils] MethodGroupsHelper.collectMethodsByGroup() took 0 ms.
2024-03-07 17:04:31,870 +0530 [main] INFO  (Logger.java:112) - [Utils] MethodGroupsHelper.sortMethods() took 0 ms.
2024-03-07 17:04:31,902 +0530 [main] INFO  (Logger.java:112) - [TestNG] Running:
  C:\Users\admin\AppData\Local\Temp\testng-eclipse-1145163837\testng-customsuite.xml

2024-03-07 17:04:31,973 +0530 [main] INFO  (Logger.java:112) - [Utils] DynamicGraphHelper.createDynamicGraph() took 15 ms.
2024-03-07 17:04:37,768 +0530 [main] INFO  (Logger.java:112) - [TestNG] Time taken by org.testng.reporters.SuiteHTMLReporter@7692cd34: 44 ms
2024-03-07 17:04:37,847 +0530 [main] INFO  (Logger.java:112) - [TestNG] Time taken by org.testng.reporters.jq.Main@704b2127: 79 ms
2024-03-07 17:04:37,864 +0530 [main] INFO  (Logger.java:112) - [TestNG] Time taken by org.testng.reporters.FailedReporter@1db0ec27: 17 ms
2024-03-07 17:04:37,882 +0530 [main] INFO  (Logger.java:112) - [TestNG] Time taken by org.testng.reporters.XMLReporter@17f9344b: 17 ms
2024-03-07 17:04:37,892 +0530 [main] INFO  (Logger.java:112) - [TestNG] Time taken by org.testng.reporters.EmailableReporter2@130a0f66: 10 ms
2024-03-07 17:04:37,903 +0530 [main] INFO  (Logger.java:112) - [TestNG] Time taken by org.testng.reporters.JUnitReportReporter@199e4c2b: 11 ms
2024-03-07 17:04:37,905 +0530 [main] INFO  (Logger.java:112) - [TestNG] Time taken by org.testng.internal.ExitCodeListener@6e0d4a8: 0 ms
2024-03-07 17:05:29,444 +0530 [main] DEBUG (Logger.java:82) - suiteXmlPath: "C:\Users\admin\AppData\Local\Temp\testng-eclipse--1350024725\testng-customsuite.xml"
2024-03-07 17:05:30,317 +0530 [main] INFO  (Logger.java:112) - [Utils] MethodGroupsHelper.collectMethodsByGroup() took 0 ms.
2024-03-07 17:05:30,341 +0530 [main] INFO  (Logger.java:112) - [Utils] MethodGroupsHelper.sortMethods() took 18 ms.
2024-03-07 17:05:30,345 +0530 [main] INFO  (Logger.java:112) - [Utils] MethodGroupsHelper.collectMethodsByGroup() took 0 ms.
2024-03-07 17:05:30,346 +0530 [main] INFO  (Logger.java:112) - [Utils] MethodGroupsHelper.sortMethods() took 0 ms.
2024-03-07 17:05:30,348 +0530 [main] INFO  (Logger.java:112) - [Utils] MethodGroupsHelper.collectMethodsByGroup() took 0 ms.
2024-03-07 17:05:30,348 +0530 [main] INFO  (Logger.java:112) - [Utils] MethodGroupsHelper.sortMethods() took 0 ms.
2024-03-07 17:05:30,350 +0530 [main] INFO  (Logger.java:112) - [Utils] MethodGroupsHelper.collectMethodsByGroup() took 0 ms.
2024-03-07 17:05:30,351 +0530 [main] INFO  (Logger.java:112) - [Utils] MethodGroupsHelper.sortMethods() took 0 ms.
2024-03-07 17:05:30,363 +0530 [main] INFO  (Logger.java:112) - [Utils] MethodGroupsHelper.collectMethodsByGroup() took 9 ms.
2024-03-07 17:05:30,394 +0530 [main] INFO  (Logger.java:112) - [Utils] MethodGroupsHelper.sortMethods() took 29 ms.
2024-03-07 17:05:30,399 +0530 [main] INFO  (Logger.java:112) - [Utils] MethodGroupsHelper.collectMethodsByGroup() took 0 ms.
2024-03-07 17:05:30,401 +0530 [main] INFO  (Logger.java:112) - [Utils] MethodGroupsHelper.sortMethods() took 1 ms.
2024-03-07 17:05:30,404 +0530 [main] INFO  (Logger.java:112) - [Utils] MethodGroupsHelper.collectMethodsByGroup() took 0 ms.
2024-03-07 17:05:30,405 +0530 [main] INFO  (Logger.java:112) - [Utils] MethodGroupsHelper.sortMethods() took 0 ms.
2024-03-07 17:05:30,407 +0530 [main] INFO  (Logger.java:112) - [Utils] MethodGroupsHelper.collectMethodsByGroup() took 0 ms.
2024-03-07 17:05:30,413 +0530 [main] INFO  (Logger.java:112) - [Utils] MethodGroupsHelper.sortMethods() took 0 ms.
2024-03-07 17:05:30,421 +0530 [main] INFO  (Logger.java:112) - [Utils] MethodGroupsHelper.collectMethodsByGroup() took 0 ms.
2024-03-07 17:05:30,421 +0530 [main] INFO  (Logger.java:112) - [Utils] MethodGroupsHelper.sortMethods() took 0 ms.
2024-03-07 17:05:30,423 +0530 [main] INFO  (Logger.java:112) - [Utils] MethodGroupsHelper.collectMethodsByGroup() took 0 ms.
2024-03-07 17:05:30,425 +0530 [main] INFO  (Logger.java:112) - [Utils] MethodGroupsHelper.sortMethods() took 0 ms.
2024-03-07 17:05:30,428 +0530 [main] INFO  (Logger.java:112) - [Utils] MethodGroupsHelper.collectMethodsByGroup() took 0 ms.
2024-03-07 17:05:30,429 +0530 [main] INFO  (Logger.java:112) - [Utils] MethodGroupsHelper.sortMethods() took 0 ms.
2024-03-07 17:05:30,429 +0530 [main] INFO  (Logger.java:112) - [Utils] MethodGroupsHelper.collectMethodsByGroup() took 0 ms.
2024-03-07 17:05:30,429 +0530 [main] INFO  (Logger.java:112) - [Utils] MethodGroupsHelper.sortMethods() took 0 ms.
2024-03-07 17:05:30,432 +0530 [main] INFO  (Logger.java:112) - [Utils] MethodGroupsHelper.collectMethodsByGroup() took 0 ms.
2024-03-07 17:05:30,433 +0530 [main] INFO  (Logger.java:112) - [Utils] MethodGroupsHelper.sortMethods() took 1 ms.
2024-03-07 17:05:30,435 +0530 [main] INFO  (Logger.java:112) - [Utils] MethodGroupsHelper.collectMethodsByGroup() took 0 ms.
2024-03-07 17:05:30,436 +0530 [main] INFO  (Logger.java:112) - [Utils] MethodGroupsHelper.sortMethods() took 0 ms.
2024-03-07 17:05:30,436 +0530 [main] INFO  (Logger.java:112) - [Utils] MethodGroupsHelper.collectMethodsByGroup() took 0 ms.
2024-03-07 17:05:30,437 +0530 [main] INFO  (Logger.java:112) - [Utils] MethodGroupsHelper.sortMethods() took 0 ms.
2024-03-07 17:05:30,462 +0530 [main] INFO  (Logger.java:112) - [TestNG] Running:
  C:\Users\admin\AppData\Local\Temp\testng-eclipse--1350024725\testng-customsuite.xml

2024-03-07 17:05:30,521 +0530 [main] INFO  (Logger.java:112) - [Utils] DynamicGraphHelper.createDynamicGraph() took 12 ms.
2024-03-07 17:05:36,988 +0530 [main] INFO  (Logger.java:112) - [TestNG] Time taken by org.testng.reporters.SuiteHTMLReporter@27a0a5a2: 68 ms
2024-03-07 17:05:37,068 +0530 [main] INFO  (Logger.java:112) - [TestNG] Time taken by org.testng.reporters.jq.Main@39fc6b2c: 79 ms
2024-03-07 17:05:37,086 +0530 [main] INFO  (Logger.java:112) - [TestNG] Time taken by org.testng.reporters.FailedReporter@5dda14d0: 18 ms
2024-03-07 17:05:37,099 +0530 [main] INFO  (Logger.java:112) - [TestNG] Time taken by org.testng.reporters.XMLReporter@315ba14a: 13 ms
2024-03-07 17:05:37,109 +0530 [main] INFO  (Logger.java:112) - [TestNG] Time taken by org.testng.reporters.EmailableReporter2@76b0ae1b: 10 ms
2024-03-07 17:05:37,120 +0530 [main] INFO  (Logger.java:112) - [TestNG] Time taken by org.testng.reporters.JUnitReportReporter@5710768a: 11 ms
2024-03-07 17:05:37,120 +0530 [main] INFO  (Logger.java:112) - [TestNG] Time taken by org.testng.internal.ExitCodeListener@199e4c2b: 0 ms
2024-03-07 17:06:17,254 +0530 [main] DEBUG (Logger.java:82) - suiteXmlPath: "C:\Users\admin\AppData\Local\Temp\testng-eclipse-964886813\testng-customsuite.xml"
2024-03-07 17:06:17,992 +0530 [main] INFO  (Logger.java:112) - [Utils] MethodGroupsHelper.collectMethodsByGroup() took 1 ms.
2024-03-07 17:06:18,030 +0530 [main] INFO  (Logger.java:112) - [Utils] MethodGroupsHelper.sortMethods() took 7 ms.
2024-03-07 17:06:18,038 +0530 [main] INFO  (Logger.java:112) - [Utils] MethodGroupsHelper.collectMethodsByGroup() took 0 ms.
2024-03-07 17:06:18,039 +0530 [main] INFO  (Logger.java:112) - [Utils] MethodGroupsHelper.sortMethods() took 0 ms.
2024-03-07 17:06:18,041 +0530 [main] INFO  (Logger.java:112) - [Utils] MethodGroupsHelper.collectMethodsByGroup() took 0 ms.
2024-03-07 17:06:18,044 +0530 [main] INFO  (Logger.java:112) - [Utils] MethodGroupsHelper.sortMethods() took 0 ms.
2024-03-07 17:06:18,047 +0530 [main] INFO  (Logger.java:112) - [Utils] MethodGroupsHelper.collectMethodsByGroup() took 0 ms.
2024-03-07 17:06:18,048 +0530 [main] INFO  (Logger.java:112) - [Utils] MethodGroupsHelper.sortMethods() took 0 ms.
2024-03-07 17:06:18,068 +0530 [main] INFO  (Logger.java:112) - [Utils] MethodGroupsHelper.collectMethodsByGroup() took 14 ms.
2024-03-07 17:06:18,117 +0530 [main] INFO  (Logger.java:112) - [Utils] MethodGroupsHelper.sortMethods() took 47 ms.
2024-03-07 17:06:18,124 +0530 [main] INFO  (Logger.java:112) - [Utils] MethodGroupsHelper.collectMethodsByGroup() took 0 ms.
2024-03-07 17:06:18,128 +0530 [main] INFO  (Logger.java:112) - [Utils] MethodGroupsHelper.sortMethods() took 1 ms.
2024-03-07 17:06:18,135 +0530 [main] INFO  (Logger.java:112) - [Utils] MethodGroupsHelper.collectMethodsByGroup() took 0 ms.
2024-03-07 17:06:18,136 +0530 [main] INFO  (Logger.java:112) - [Utils] MethodGroupsHelper.sortMethods() took 0 ms.
2024-03-07 17:06:18,140 +0530 [main] INFO  (Logger.java:112) - [Utils] MethodGroupsHelper.collectMethodsByGroup() took 0 ms.
2024-03-07 17:06:18,148 +0530 [main] INFO  (Logger.java:112) - [Utils] MethodGroupsHelper.sortMethods() took 0 ms.
2024-03-07 17:06:18,159 +0530 [main] INFO  (Logger.java:112) - [Utils] MethodGroupsHelper.collectMethodsByGroup() took 0 ms.
2024-03-07 17:06:18,161 +0530 [main] INFO  (Logger.java:112) - [Utils] MethodGroupsHelper.sortMethods() took 0 ms.
2024-03-07 17:06:18,164 +0530 [main] INFO  (Logger.java:112) - [Utils] MethodGroupsHelper.collectMethodsByGroup() took 0 ms.
2024-03-07 17:06:18,164 +0530 [main] INFO  (Logger.java:112) - [Utils] MethodGroupsHelper.sortMethods() took 0 ms.
2024-03-07 17:06:18,169 +0530 [main] INFO  (Logger.java:112) - [Utils] MethodGroupsHelper.collectMethodsByGroup() took 0 ms.
2024-03-07 17:06:18,170 +0530 [main] INFO  (Logger.java:112) - [Utils] MethodGroupsHelper.sortMethods() took 0 ms.
2024-03-07 17:06:18,171 +0530 [main] INFO  (Logger.java:112) - [Utils] MethodGroupsHelper.collectMethodsByGroup() took 0 ms.
2024-03-07 17:06:18,172 +0530 [main] INFO  (Logger.java:112) - [Utils] MethodGroupsHelper.sortMethods() took 0 ms.
2024-03-07 17:06:18,175 +0530 [main] INFO  (Logger.java:112) - [Utils] MethodGroupsHelper.collectMethodsByGroup() took 1 ms.
2024-03-07 17:06:18,177 +0530 [main] INFO  (Logger.java:112) - [Utils] MethodGroupsHelper.sortMethods() took 0 ms.
2024-03-07 17:06:18,180 +0530 [main] INFO  (Logger.java:112) - [Utils] MethodGroupsHelper.collectMethodsByGroup() took 0 ms.
2024-03-07 17:06:18,180 +0530 [main] INFO  (Logger.java:112) - [Utils] MethodGroupsHelper.sortMethods() took 0 ms.
2024-03-07 17:06:18,181 +0530 [main] INFO  (Logger.java:112) - [Utils] MethodGroupsHelper.collectMethodsByGroup() took 0 ms.
2024-03-07 17:06:18,181 +0530 [main] INFO  (Logger.java:112) - [Utils] MethodGroupsHelper.sortMethods() took 0 ms.
2024-03-07 17:06:18,199 +0530 [main] INFO  (Logger.java:112) - [TestNG] Running:
  C:\Users\admin\AppData\Local\Temp\testng-eclipse-964886813\testng-customsuite.xml

2024-03-07 17:06:18,240 +0530 [main] INFO  (Logger.java:112) - [Utils] DynamicGraphHelper.createDynamicGraph() took 8 ms.
2024-03-07 17:06:26,262 +0530 [main] INFO  (Logger.java:112) - [TestNG] Time taken by org.testng.reporters.SuiteHTMLReporter@63a5d002: 42 ms
2024-03-07 17:06:26,331 +0530 [main] INFO  (Logger.java:112) - [TestNG] Time taken by org.testng.reporters.jq.Main@1f651cd8: 68 ms
2024-03-07 17:06:26,332 +0530 [main] INFO  (Logger.java:112) - [TestNG] Time taken by org.testng.reporters.FailedReporter@7d0332e1: 1 ms
2024-03-07 17:06:26,345 +0530 [main] INFO  (Logger.java:112) - [TestNG] Time taken by org.testng.reporters.XMLReporter@1532c619: 13 ms
2024-03-07 17:06:26,353 +0530 [main] INFO  (Logger.java:112) - [TestNG] Time taken by org.testng.reporters.EmailableReporter2@6f815e7f: 7 ms
2024-03-07 17:06:26,360 +0530 [main] INFO  (Logger.java:112) - [TestNG] Time taken by org.testng.reporters.JUnitReportReporter@1f14f20c: 6 ms
2024-03-07 17:06:26,361 +0530 [main] INFO  (Logger.java:112) - [TestNG] Time taken by org.testng.internal.ExitCodeListener@7daa61f3: 0 ms
2024-03-07 17:07:04,827 +0530 [main] DEBUG (Logger.java:82) - suiteXmlPath: "C:\Users\admin\AppData\Local\Temp\testng-eclipse--314341983\testng-customsuite.xml"
2024-03-07 17:07:05,507 +0530 [main] INFO  (Logger.java:112) - [Utils] MethodGroupsHelper.collectMethodsByGroup() took 1 ms.
2024-03-07 17:07:05,528 +0530 [main] INFO  (Logger.java:112) - [Utils] MethodGroupsHelper.sortMethods() took 3 ms.
2024-03-07 17:07:05,531 +0530 [main] INFO  (Logger.java:112) - [Utils] MethodGroupsHelper.collectMethodsByGroup() took 0 ms.
2024-03-07 17:07:05,532 +0530 [main] INFO  (Logger.java:112) - [Utils] MethodGroupsHelper.sortMethods() took 0 ms.
2024-03-07 17:07:05,533 +0530 [main] INFO  (Logger.java:112) - [Utils] MethodGroupsHelper.collectMethodsByGroup() took 0 ms.
2024-03-07 17:07:05,534 +0530 [main] INFO  (Logger.java:112) - [Utils] MethodGroupsHelper.sortMethods() took 0 ms.
2024-03-07 17:07:05,535 +0530 [main] INFO  (Logger.java:112) - [Utils] MethodGroupsHelper.collectMethodsByGroup() took 0 ms.
2024-03-07 17:07:05,535 +0530 [main] INFO  (Logger.java:112) - [Utils] MethodGroupsHelper.sortMethods() took 0 ms.
2024-03-07 17:07:05,544 +0530 [main] INFO  (Logger.java:112) - [Utils] MethodGroupsHelper.collectMethodsByGroup() took 6 ms.
2024-03-07 17:07:05,568 +0530 [main] INFO  (Logger.java:112) - [Utils] MethodGroupsHelper.sortMethods() took 22 ms.
2024-03-07 17:07:05,570 +0530 [main] INFO  (Logger.java:112) - [Utils] MethodGroupsHelper.collectMethodsByGroup() took 0 ms.
2024-03-07 17:07:05,572 +0530 [main] INFO  (Logger.java:112) - [Utils] MethodGroupsHelper.sortMethods() took 0 ms.
2024-03-07 17:07:05,573 +0530 [main] INFO  (Logger.java:112) - [Utils] MethodGroupsHelper.collectMethodsByGroup() took 0 ms.
2024-03-07 17:07:05,575 +0530 [main] INFO  (Logger.java:112) - [Utils] MethodGroupsHelper.sortMethods() took 0 ms.
2024-03-07 17:07:05,577 +0530 [main] INFO  (Logger.java:112) - [Utils] MethodGroupsHelper.collectMethodsByGroup() took 0 ms.
2024-03-07 17:07:05,580 +0530 [main] INFO  (Logger.java:112) - [Utils] MethodGroupsHelper.sortMethods() took 0 ms.
2024-03-07 17:07:05,585 +0530 [main] INFO  (Logger.java:112) - [Utils] MethodGroupsHelper.collectMethodsByGroup() took 0 ms.
2024-03-07 17:07:05,585 +0530 [main] INFO  (Logger.java:112) - [Utils] MethodGroupsHelper.sortMethods() took 0 ms.
2024-03-07 17:07:05,586 +0530 [main] INFO  (Logger.java:112) - [Utils] MethodGroupsHelper.collectMethodsByGroup() took 0 ms.
2024-03-07 17:07:05,587 +0530 [main] INFO  (Logger.java:112) - [Utils] MethodGroupsHelper.sortMethods() took 0 ms.
2024-03-07 17:07:05,590 +0530 [main] INFO  (Logger.java:112) - [Utils] MethodGroupsHelper.collectMethodsByGroup() took 0 ms.
2024-03-07 17:07:05,592 +0530 [main] INFO  (Logger.java:112) - [Utils] MethodGroupsHelper.sortMethods() took 0 ms.
2024-03-07 17:07:05,592 +0530 [main] INFO  (Logger.java:112) - [Utils] MethodGroupsHelper.collectMethodsByGroup() took 0 ms.
2024-03-07 17:07:05,592 +0530 [main] INFO  (Logger.java:112) - [Utils] MethodGroupsHelper.sortMethods() took 0 ms.
2024-03-07 17:07:05,594 +0530 [main] INFO  (Logger.java:112) - [Utils] MethodGroupsHelper.collectMethodsByGroup() took 0 ms.
2024-03-07 17:07:05,595 +0530 [main] INFO  (Logger.java:112) - [Utils] MethodGroupsHelper.sortMethods() took 0 ms.
2024-03-07 17:07:05,598 +0530 [main] INFO  (Logger.java:112) - [Utils] MethodGroupsHelper.collectMethodsByGroup() took 0 ms.
2024-03-07 17:07:05,599 +0530 [main] INFO  (Logger.java:112) - [Utils] MethodGroupsHelper.sortMethods() took 0 ms.
2024-03-07 17:07:05,599 +0530 [main] INFO  (Logger.java:112) - [Utils] MethodGroupsHelper.collectMethodsByGroup() took 0 ms.
2024-03-07 17:07:05,599 +0530 [main] INFO  (Logger.java:112) - [Utils] MethodGroupsHelper.sortMethods() took 0 ms.
2024-03-07 17:07:05,618 +0530 [main] INFO  (Logger.java:112) - [TestNG] Running:
  C:\Users\admin\AppData\Local\Temp\testng-eclipse--314341983\testng-customsuite.xml

2024-03-07 17:07:05,660 +0530 [main] INFO  (Logger.java:112) - [Utils] DynamicGraphHelper.createDynamicGraph() took 8 ms.
2024-03-07 17:07:19,496 +0530 [main] INFO  (Logger.java:112) - [TestNG] Time taken by org.testng.reporters.SuiteHTMLReporter@13cda7c9: 81 ms
2024-03-07 17:07:19,557 +0530 [main] INFO  (Logger.java:112) - [TestNG] Time taken by org.testng.reporters.jq.Main@7d0332e1: 61 ms
2024-03-07 17:07:19,558 +0530 [main] INFO  (Logger.java:112) - [TestNG] Time taken by org.testng.reporters.FailedReporter@7a356a0d: 1 ms
2024-03-07 17:07:19,568 +0530 [main] INFO  (Logger.java:112) - [TestNG] Time taken by org.testng.reporters.XMLReporter@46044faa: 9 ms
2024-03-07 17:07:19,579 +0530 [main] INFO  (Logger.java:112) - [TestNG] Time taken by org.testng.reporters.EmailableReporter2@65e7f52a: 11 ms
2024-03-07 17:07:19,585 +0530 [main] INFO  (Logger.java:112) - [TestNG] Time taken by org.testng.reporters.JUnitReportReporter@7daa61f3: 6 ms
2024-03-07 17:07:19,586 +0530 [main] INFO  (Logger.java:112) - [TestNG] Time taken by org.testng.internal.ExitCodeListener@62315f22: 0 ms
2024-03-07 17:08:24,725 +0530 [main] DEBUG (Logger.java:82) - suiteXmlPath: "C:\Users\admin\AppData\Local\Temp\testng-eclipse--280778528\testng-customsuite.xml"
2024-03-07 17:08:25,387 +0530 [main] INFO  (Logger.java:112) - [Utils] MethodGroupsHelper.collectMethodsByGroup() took 1 ms.
2024-03-07 17:08:25,415 +0530 [main] INFO  (Logger.java:112) - [Utils] MethodGroupsHelper.sortMethods() took 5 ms.
2024-03-07 17:08:25,420 +0530 [main] INFO  (Logger.java:112) - [Utils] MethodGroupsHelper.collectMethodsByGroup() took 0 ms.
2024-03-07 17:08:25,421 +0530 [main] INFO  (Logger.java:112) - [Utils] MethodGroupsHelper.sortMethods() took 0 ms.
2024-03-07 17:08:25,423 +0530 [main] INFO  (Logger.java:112) - [Utils] MethodGroupsHelper.collectMethodsByGroup() took 0 ms.
2024-03-07 17:08:25,424 +0530 [main] INFO  (Logger.java:112) - [Utils] MethodGroupsHelper.sortMethods() took 0 ms.
2024-03-07 17:08:25,426 +0530 [main] INFO  (Logger.java:112) - [Utils] MethodGroupsHelper.collectMethodsByGroup() took 0 ms.
2024-03-07 17:08:25,427 +0530 [main] INFO  (Logger.java:112) - [Utils] MethodGroupsHelper.sortMethods() took 0 ms.
2024-03-07 17:08:25,438 +0530 [main] INFO  (Logger.java:112) - [Utils] MethodGroupsHelper.collectMethodsByGroup() took 7 ms.
2024-03-07 17:08:25,471 +0530 [main] INFO  (Logger.java:112) - [Utils] MethodGroupsHelper.sortMethods() took 31 ms.
2024-03-07 17:08:25,475 +0530 [main] INFO  (Logger.java:112) - [Utils] MethodGroupsHelper.collectMethodsByGroup() took 0 ms.
2024-03-07 17:08:25,478 +0530 [main] INFO  (Logger.java:112) - [Utils] MethodGroupsHelper.sortMethods() took 1 ms.
2024-03-07 17:08:25,481 +0530 [main] INFO  (Logger.java:112) - [Utils] MethodGroupsHelper.collectMethodsByGroup() took 0 ms.
2024-03-07 17:08:25,482 +0530 [main] INFO  (Logger.java:112) - [Utils] MethodGroupsHelper.sortMethods() took 0 ms.
2024-03-07 17:08:25,484 +0530 [main] INFO  (Logger.java:112) - [Utils] MethodGroupsHelper.collectMethodsByGroup() took 0 ms.
2024-03-07 17:08:25,488 +0530 [main] INFO  (Logger.java:112) - [Utils] MethodGroupsHelper.sortMethods() took 0 ms.
2024-03-07 17:08:25,496 +0530 [main] INFO  (Logger.java:112) - [Utils] MethodGroupsHelper.collectMethodsByGroup() took 0 ms.
2024-03-07 17:08:25,497 +0530 [main] INFO  (Logger.java:112) - [Utils] MethodGroupsHelper.sortMethods() took 0 ms.
2024-03-07 17:08:25,500 +0530 [main] INFO  (Logger.java:112) - [Utils] MethodGroupsHelper.collectMethodsByGroup() took 0 ms.
2024-03-07 17:08:25,501 +0530 [main] INFO  (Logger.java:112) - [Utils] MethodGroupsHelper.sortMethods() took 0 ms.
2024-03-07 17:08:25,504 +0530 [main] INFO  (Logger.java:112) - [Utils] MethodGroupsHelper.collectMethodsByGroup() took 0 ms.
2024-03-07 17:08:25,505 +0530 [main] INFO  (Logger.java:112) - [Utils] MethodGroupsHelper.sortMethods() took 0 ms.
2024-03-07 17:08:25,505 +0530 [main] INFO  (Logger.java:112) - [Utils] MethodGroupsHelper.collectMethodsByGroup() took 0 ms.
2024-03-07 17:08:25,506 +0530 [main] INFO  (Logger.java:112) - [Utils] MethodGroupsHelper.sortMethods() took 0 ms.
2024-03-07 17:08:25,510 +0530 [main] INFO  (Logger.java:112) - [Utils] MethodGroupsHelper.collectMethodsByGroup() took 2 ms.
2024-03-07 17:08:25,512 +0530 [main] INFO  (Logger.java:112) - [Utils] MethodGroupsHelper.sortMethods() took 0 ms.
2024-03-07 17:08:25,516 +0530 [main] INFO  (Logger.java:112) - [Utils] MethodGroupsHelper.collectMethodsByGroup() took 0 ms.
2024-03-07 17:08:25,517 +0530 [main] INFO  (Logger.java:112) - [Utils] MethodGroupsHelper.sortMethods() took 0 ms.
2024-03-07 17:08:25,518 +0530 [main] INFO  (Logger.java:112) - [Utils] MethodGroupsHelper.collectMethodsByGroup() took 0 ms.
2024-03-07 17:08:25,518 +0530 [main] INFO  (Logger.java:112) - [Utils] MethodGroupsHelper.sortMethods() took 0 ms.
2024-03-07 17:08:25,546 +0530 [main] INFO  (Logger.java:112) - [TestNG] Running:
  C:\Users\admin\AppData\Local\Temp\testng-eclipse--280778528\testng-customsuite.xml

2024-03-07 17:08:25,606 +0530 [main] INFO  (Logger.java:112) - [Utils] DynamicGraphHelper.createDynamicGraph() took 13 ms.
2024-03-07 17:08:52,033 +0530 [main] INFO  (Logger.java:112) - [TestNG] Time taken by org.testng.reporters.SuiteHTMLReporter@7692cd34: 54 ms
2024-03-07 17:08:52,131 +0530 [main] INFO  (Logger.java:112) - [TestNG] Time taken by org.testng.reporters.jq.Main@704b2127: 98 ms
2024-03-07 17:08:52,158 +0530 [main] INFO  (Logger.java:112) - [TestNG] Time taken by org.testng.reporters.FailedReporter@1db0ec27: 26 ms
2024-03-07 17:08:52,177 +0530 [main] INFO  (Logger.java:112) - [TestNG] Time taken by org.testng.reporters.XMLReporter@17f9344b: 18 ms
2024-03-07 17:08:52,190 +0530 [main] INFO  (Logger.java:112) - [TestNG] Time taken by org.testng.reporters.EmailableReporter2@130a0f66: 13 ms
2024-03-07 17:08:52,202 +0530 [main] INFO  (Logger.java:112) - [TestNG] Time taken by org.testng.reporters.JUnitReportReporter@199e4c2b: 11 ms
2024-03-07 17:08:52,202 +0530 [main] INFO  (Logger.java:112) - [TestNG] Time taken by org.testng.internal.ExitCodeListener@6e0d4a8: 0 ms
2024-03-07 17:09:05,558 +0530 [main] DEBUG (Logger.java:82) - suiteXmlPath: "C:\Users\admin\AppData\Local\Temp\testng-eclipse-1159013153\testng-customsuite.xml"
2024-03-07 17:09:06,042 +0530 [main] INFO  (Logger.java:112) - [Utils] MethodGroupsHelper.collectMethodsByGroup() took 0 ms.
2024-03-07 17:09:06,057 +0530 [main] INFO  (Logger.java:112) - [Utils] MethodGroupsHelper.sortMethods() took 1 ms.
2024-03-07 17:09:06,061 +0530 [main] INFO  (Logger.java:112) - [Utils] MethodGroupsHelper.collectMethodsByGroup() took 0 ms.
2024-03-07 17:09:06,061 +0530 [main] INFO  (Logger.java:112) - [Utils] MethodGroupsHelper.sortMethods() took 0 ms.
2024-03-07 17:09:06,062 +0530 [main] INFO  (Logger.java:112) - [Utils] MethodGroupsHelper.collectMethodsByGroup() took 0 ms.
2024-03-07 17:09:06,063 +0530 [main] INFO  (Logger.java:112) - [Utils] MethodGroupsHelper.sortMethods() took 0 ms.
2024-03-07 17:09:06,064 +0530 [main] INFO  (Logger.java:112) - [Utils] MethodGroupsHelper.collectMethodsByGroup() took 0 ms.
2024-03-07 17:09:06,064 +0530 [main] INFO  (Logger.java:112) - [Utils] MethodGroupsHelper.sortMethods() took 0 ms.
2024-03-07 17:09:06,070 +0530 [main] INFO  (Logger.java:112) - [Utils] MethodGroupsHelper.collectMethodsByGroup() took 4 ms.
2024-03-07 17:09:06,089 +0530 [main] INFO  (Logger.java:112) - [Utils] MethodGroupsHelper.sortMethods() took 17 ms.
2024-03-07 17:09:06,091 +0530 [main] INFO  (Logger.java:112) - [Utils] MethodGroupsHelper.collectMethodsByGroup() took 0 ms.
2024-03-07 17:09:06,092 +0530 [main] INFO  (Logger.java:112) - [Utils] MethodGroupsHelper.sortMethods() took 0 ms.
2024-03-07 17:09:06,095 +0530 [main] INFO  (Logger.java:112) - [Utils] MethodGroupsHelper.collectMethodsByGroup() took 0 ms.
2024-03-07 17:09:06,096 +0530 [main] INFO  (Logger.java:112) - [Utils] MethodGroupsHelper.sortMethods() took 0 ms.
2024-03-07 17:09:06,097 +0530 [main] INFO  (Logger.java:112) - [Utils] MethodGroupsHelper.collectMethodsByGroup() took 0 ms.
2024-03-07 17:09:06,100 +0530 [main] INFO  (Logger.java:112) - [Utils] MethodGroupsHelper.sortMethods() took 0 ms.
2024-03-07 17:09:06,105 +0530 [main] INFO  (Logger.java:112) - [Utils] MethodGroupsHelper.collectMethodsByGroup() took 0 ms.
2024-03-07 17:09:06,105 +0530 [main] INFO  (Logger.java:112) - [Utils] MethodGroupsHelper.sortMethods() took 0 ms.
2024-03-07 17:09:06,106 +0530 [main] INFO  (Logger.java:112) - [Utils] MethodGroupsHelper.collectMethodsByGroup() took 0 ms.
2024-03-07 17:09:06,106 +0530 [main] INFO  (Logger.java:112) - [Utils] MethodGroupsHelper.sortMethods() took 0 ms.
2024-03-07 17:09:06,108 +0530 [main] INFO  (Logger.java:112) - [Utils] MethodGroupsHelper.collectMethodsByGroup() took 0 ms.
2024-03-07 17:09:06,109 +0530 [main] INFO  (Logger.java:112) - [Utils] MethodGroupsHelper.sortMethods() took 0 ms.
2024-03-07 17:09:06,109 +0530 [main] INFO  (Logger.java:112) - [Utils] MethodGroupsHelper.collectMethodsByGroup() took 0 ms.
2024-03-07 17:09:06,109 +0530 [main] INFO  (Logger.java:112) - [Utils] MethodGroupsHelper.sortMethods() took 0 ms.
2024-03-07 17:09:06,112 +0530 [main] INFO  (Logger.java:112) - [Utils] MethodGroupsHelper.collectMethodsByGroup() took 0 ms.
2024-03-07 17:09:06,113 +0530 [main] INFO  (Logger.java:112) - [Utils] MethodGroupsHelper.sortMethods() took 0 ms.
2024-03-07 17:09:06,116 +0530 [main] INFO  (Logger.java:112) - [Utils] MethodGroupsHelper.collectMethodsByGroup() took 0 ms.
2024-03-07 17:09:06,116 +0530 [main] INFO  (Logger.java:112) - [Utils] MethodGroupsHelper.sortMethods() took 0 ms.
2024-03-07 17:09:06,116 +0530 [main] INFO  (Logger.java:112) - [Utils] MethodGroupsHelper.collectMethodsByGroup() took 0 ms.
2024-03-07 17:09:06,116 +0530 [main] INFO  (Logger.java:112) - [Utils] MethodGroupsHelper.sortMethods() took 0 ms.
2024-03-07 17:09:06,133 +0530 [main] INFO  (Logger.java:112) - [TestNG] Running:
  C:\Users\admin\AppData\Local\Temp\testng-eclipse-1159013153\testng-customsuite.xml

2024-03-07 17:09:06,172 +0530 [main] INFO  (Logger.java:112) - [Utils] DynamicGraphHelper.createDynamicGraph() took 7 ms.
2024-03-07 17:09:39,721 +0530 [main] INFO  (Logger.java:112) - [TestNG] Time taken by org.testng.reporters.SuiteHTMLReporter@63034ed1: 46 ms
2024-03-07 17:09:39,796 +0530 [main] INFO  (Logger.java:112) - [TestNG] Time taken by org.testng.reporters.jq.Main@1929425f: 75 ms
2024-03-07 17:09:39,816 +0530 [main] INFO  (Logger.java:112) - [TestNG] Time taken by org.testng.reporters.FailedReporter@70d8de: 20 ms
2024-03-07 17:09:39,835 +0530 [main] INFO  (Logger.java:112) - [TestNG] Time taken by org.testng.reporters.XMLReporter@64d43929: 19 ms
2024-03-07 17:09:39,849 +0530 [main] INFO  (Logger.java:112) - [TestNG] Time taken by org.testng.reporters.EmailableReporter2@606fc505: 14 ms
2024-03-07 17:09:39,864 +0530 [main] INFO  (Logger.java:112) - [TestNG] Time taken by org.testng.reporters.JUnitReportReporter@1d8e2eea: 14 ms
2024-03-07 17:09:39,864 +0530 [main] INFO  (Logger.java:112) - [TestNG] Time taken by org.testng.internal.ExitCodeListener@240139e1: 0 ms
2024-03-07 17:09:55,086 +0530 [main] DEBUG (Logger.java:82) - suiteXmlPath: "C:\Users\admin\AppData\Local\Temp\testng-eclipse--1979506219\testng-customsuite.xml"
2024-03-07 17:09:55,756 +0530 [main] INFO  (Logger.java:112) - [Utils] MethodGroupsHelper.collectMethodsByGroup() took 0 ms.
2024-03-07 17:09:55,774 +0530 [main] INFO  (Logger.java:112) - [Utils] MethodGroupsHelper.sortMethods() took 2 ms.
2024-03-07 17:09:55,778 +0530 [main] INFO  (Logger.java:112) - [Utils] MethodGroupsHelper.collectMethodsByGroup() took 0 ms.
2024-03-07 17:09:55,779 +0530 [main] INFO  (Logger.java:112) - [Utils] MethodGroupsHelper.sortMethods() took 0 ms.
2024-03-07 17:09:55,780 +0530 [main] INFO  (Logger.java:112) - [Utils] MethodGroupsHelper.collectMethodsByGroup() took 0 ms.
2024-03-07 17:09:55,780 +0530 [main] INFO  (Logger.java:112) - [Utils] MethodGroupsHelper.sortMethods() took 0 ms.
2024-03-07 17:09:55,781 +0530 [main] INFO  (Logger.java:112) - [Utils] MethodGroupsHelper.collectMethodsByGroup() took 0 ms.
2024-03-07 17:09:55,782 +0530 [main] INFO  (Logger.java:112) - [Utils] MethodGroupsHelper.sortMethods() took 0 ms.
2024-03-07 17:09:55,790 +0530 [main] INFO  (Logger.java:112) - [Utils] MethodGroupsHelper.collectMethodsByGroup() took 5 ms.
2024-03-07 17:09:55,812 +0530 [main] INFO  (Logger.java:112) - [Utils] MethodGroupsHelper.sortMethods() took 21 ms.
2024-03-07 17:09:55,816 +0530 [main] INFO  (Logger.java:112) - [Utils] MethodGroupsHelper.collectMethodsByGroup() took 1 ms.
2024-03-07 17:09:55,817 +0530 [main] INFO  (Logger.java:112) - [Utils] MethodGroupsHelper.sortMethods() took 0 ms.
2024-03-07 17:09:55,818 +0530 [main] INFO  (Logger.java:112) - [Utils] MethodGroupsHelper.collectMethodsByGroup() took 0 ms.
2024-03-07 17:09:55,819 +0530 [main] INFO  (Logger.java:112) - [Utils] MethodGroupsHelper.sortMethods() took 0 ms.
2024-03-07 17:09:55,820 +0530 [main] INFO  (Logger.java:112) - [Utils] MethodGroupsHelper.collectMethodsByGroup() took 0 ms.
2024-03-07 17:09:55,823 +0530 [main] INFO  (Logger.java:112) - [Utils] MethodGroupsHelper.sortMethods() took 0 ms.
2024-03-07 17:09:55,832 +0530 [main] INFO  (Logger.java:112) - [Utils] MethodGroupsHelper.collectMethodsByGroup() took 0 ms.
2024-03-07 17:09:55,833 +0530 [main] INFO  (Logger.java:112) - [Utils] MethodGroupsHelper.sortMethods() took 0 ms.
2024-03-07 17:09:55,834 +0530 [main] INFO  (Logger.java:112) - [Utils] MethodGroupsHelper.collectMethodsByGroup() took 0 ms.
2024-03-07 17:09:55,835 +0530 [main] INFO  (Logger.java:112) - [Utils] MethodGroupsHelper.sortMethods() took 0 ms.
2024-03-07 17:09:55,837 +0530 [main] INFO  (Logger.java:112) - [Utils] MethodGroupsHelper.collectMethodsByGroup() took 0 ms.
2024-03-07 17:09:55,838 +0530 [main] INFO  (Logger.java:112) - [Utils] MethodGroupsHelper.sortMethods() took 0 ms.
2024-03-07 17:09:55,838 +0530 [main] INFO  (Logger.java:112) - [Utils] MethodGroupsHelper.collectMethodsByGroup() took 0 ms.
2024-03-07 17:09:55,839 +0530 [main] INFO  (Logger.java:112) - [Utils] MethodGroupsHelper.sortMethods() took 0 ms.
2024-03-07 17:09:55,841 +0530 [main] INFO  (Logger.java:112) - [Utils] MethodGroupsHelper.collectMethodsByGroup() took 1 ms.
2024-03-07 17:09:55,843 +0530 [main] INFO  (Logger.java:112) - [Utils] MethodGroupsHelper.sortMethods() took 0 ms.
2024-03-07 17:09:55,846 +0530 [main] INFO  (Logger.java:112) - [Utils] MethodGroupsHelper.collectMethodsByGroup() took 0 ms.
2024-03-07 17:09:55,846 +0530 [main] INFO  (Logger.java:112) - [Utils] MethodGroupsHelper.sortMethods() took 0 ms.
2024-03-07 17:09:55,847 +0530 [main] INFO  (Logger.java:112) - [Utils] MethodGroupsHelper.collectMethodsByGroup() took 0 ms.
2024-03-07 17:09:55,847 +0530 [main] INFO  (Logger.java:112) - [Utils] MethodGroupsHelper.sortMethods() took 0 ms.
2024-03-07 17:09:55,865 +0530 [main] INFO  (Logger.java:112) - [TestNG] Running:
  C:\Users\admin\AppData\Local\Temp\testng-eclipse--1979506219\testng-customsuite.xml

2024-03-07 17:09:55,906 +0530 [main] INFO  (Logger.java:112) - [Utils] DynamicGraphHelper.createDynamicGraph() took 6 ms.
2024-03-07 17:10:37,121 +0530 [main] INFO  (Logger.java:112) - [TestNG] Time taken by org.testng.reporters.SuiteHTMLReporter@13cda7c9: 67 ms
2024-03-07 17:10:37,220 +0530 [main] INFO  (Logger.java:112) - [TestNG] Time taken by org.testng.reporters.jq.Main@7d0332e1: 99 ms
2024-03-07 17:10:37,220 +0530 [main] INFO  (Logger.java:112) - [TestNG] Time taken by org.testng.reporters.FailedReporter@7a356a0d: 0 ms
2024-03-07 17:10:37,232 +0530 [main] INFO  (Logger.java:112) - [TestNG] Time taken by org.testng.reporters.XMLReporter@46044faa: 11 ms
2024-03-07 17:10:37,241 +0530 [main] INFO  (Logger.java:112) - [TestNG] Time taken by org.testng.reporters.EmailableReporter2@65e7f52a: 8 ms
2024-03-07 17:10:37,248 +0530 [main] INFO  (Logger.java:112) - [TestNG] Time taken by org.testng.reporters.JUnitReportReporter@7daa61f3: 7 ms
2024-03-07 17:10:37,248 +0530 [main] INFO  (Logger.java:112) - [TestNG] Time taken by org.testng.internal.ExitCodeListener@62315f22: 0 ms
2024-03-07 17:24:31,496 +0530 [main] DEBUG (Logger.java:82) - suiteXmlPath: "C:\Users\admin\AppData\Local\Temp\testng-eclipse--220758821\testng-customsuite.xml"
2024-03-07 17:24:32,571 +0530 [main] INFO  (Logger.java:112) - [Utils] MethodGroupsHelper.collectMethodsByGroup() took 3 ms.
2024-03-07 17:24:32,596 +0530 [main] INFO  (Logger.java:112) - [Utils] MethodGroupsHelper.sortMethods() took 3 ms.
2024-03-07 17:24:32,602 +0530 [main] INFO  (Logger.java:112) - [Utils] MethodGroupsHelper.collectMethodsByGroup() took 0 ms.
2024-03-07 17:24:32,602 +0530 [main] INFO  (Logger.java:112) - [Utils] MethodGroupsHelper.sortMethods() took 0 ms.
2024-03-07 17:24:32,605 +0530 [main] INFO  (Logger.java:112) - [Utils] MethodGroupsHelper.collectMethodsByGroup() took 0 ms.
2024-03-07 17:24:32,606 +0530 [main] INFO  (Logger.java:112) - [Utils] MethodGroupsHelper.sortMethods() took 0 ms.
2024-03-07 17:24:32,609 +0530 [main] INFO  (Logger.java:112) - [Utils] MethodGroupsHelper.collectMethodsByGroup() took 0 ms.
2024-03-07 17:24:32,609 +0530 [main] INFO  (Logger.java:112) - [Utils] MethodGroupsHelper.sortMethods() took 0 ms.
2024-03-07 17:24:32,622 +0530 [main] INFO  (Logger.java:112) - [Utils] MethodGroupsHelper.collectMethodsByGroup() took 10 ms.
2024-03-07 17:24:32,655 +0530 [main] INFO  (Logger.java:112) - [Utils] MethodGroupsHelper.sortMethods() took 31 ms.
2024-03-07 17:24:32,659 +0530 [main] INFO  (Logger.java:112) - [Utils] MethodGroupsHelper.collectMethodsByGroup() took 0 ms.
2024-03-07 17:24:32,660 +0530 [main] INFO  (Logger.java:112) - [Utils] MethodGroupsHelper.sortMethods() took 0 ms.
2024-03-07 17:24:32,663 +0530 [main] INFO  (Logger.java:112) - [Utils] MethodGroupsHelper.collectMethodsByGroup() took 0 ms.
2024-03-07 17:24:32,665 +0530 [main] INFO  (Logger.java:112) - [Utils] MethodGroupsHelper.sortMethods() took 0 ms.
2024-03-07 17:24:32,666 +0530 [main] INFO  (Logger.java:112) - [Utils] MethodGroupsHelper.collectMethodsByGroup() took 0 ms.
2024-03-07 17:24:32,671 +0530 [main] INFO  (Logger.java:112) - [Utils] MethodGroupsHelper.sortMethods() took 0 ms.
2024-03-07 17:24:32,678 +0530 [main] INFO  (Logger.java:112) - [Utils] MethodGroupsHelper.collectMethodsByGroup() took 0 ms.
2024-03-07 17:24:32,679 +0530 [main] INFO  (Logger.java:112) - [Utils] MethodGroupsHelper.sortMethods() took 0 ms.
2024-03-07 17:24:32,682 +0530 [main] INFO  (Logger.java:112) - [Utils] MethodGroupsHelper.collectMethodsByGroup() took 0 ms.
2024-03-07 17:24:32,683 +0530 [main] INFO  (Logger.java:112) - [Utils] MethodGroupsHelper.sortMethods() took 0 ms.
2024-03-07 17:24:32,687 +0530 [main] INFO  (Logger.java:112) - [Utils] MethodGroupsHelper.collectMethodsByGroup() took 0 ms.
2024-03-07 17:24:32,688 +0530 [main] INFO  (Logger.java:112) - [Utils] MethodGroupsHelper.sortMethods() took 0 ms.
2024-03-07 17:24:32,689 +0530 [main] INFO  (Logger.java:112) - [Utils] MethodGroupsHelper.collectMethodsByGroup() took 1 ms.
2024-03-07 17:24:32,689 +0530 [main] INFO  (Logger.java:112) - [Utils] MethodGroupsHelper.sortMethods() took 0 ms.
2024-03-07 17:24:32,692 +0530 [main] INFO  (Logger.java:112) - [Utils] MethodGroupsHelper.collectMethodsByGroup() took 0 ms.
2024-03-07 17:24:32,694 +0530 [main] INFO  (Logger.java:112) - [Utils] MethodGroupsHelper.sortMethods() took 0 ms.
2024-03-07 17:24:32,698 +0530 [main] INFO  (Logger.java:112) - [Utils] MethodGroupsHelper.collectMethodsByGroup() took 0 ms.
2024-03-07 17:24:32,699 +0530 [main] INFO  (Logger.java:112) - [Utils] MethodGroupsHelper.sortMethods() took 0 ms.
2024-03-07 17:24:32,700 +0530 [main] INFO  (Logger.java:112) - [Utils] MethodGroupsHelper.collectMethodsByGroup() took 0 ms.
2024-03-07 17:24:32,700 +0530 [main] INFO  (Logger.java:112) - [Utils] MethodGroupsHelper.sortMethods() took 0 ms.
2024-03-07 17:24:32,723 +0530 [main] INFO  (Logger.java:112) - [TestNG] Running:
  C:\Users\admin\AppData\Local\Temp\testng-eclipse--220758821\testng-customsuite.xml

2024-03-07 17:24:32,764 +0530 [main] INFO  (Logger.java:112) - [Utils] DynamicGraphHelper.createDynamicGraph() took 8 ms.
2024-03-07 17:24:57,358 +0530 [main] INFO  (TC1_Login.java:14) - Url entered
2024-03-07 17:24:57,583 +0530 [main] INFO  (TC1_Login.java:19) - first name entered
2024-03-07 17:25:02,979 +0530 [main] INFO  (TC1_Login.java:23) - last name entered
2024-03-07 17:25:08,387 +0530 [main] INFO  (TC1_Login.java:27) - Address entered
2024-03-07 17:25:13,555 +0530 [main] INFO  (TC1_Login.java:31) - email entered
2024-03-07 17:25:18,843 +0530 [main] INFO  (TC1_Login.java:35) - Gender entered
2024-03-07 17:25:24,108 +0530 [main] INFO  (TC1_Login.java:39) - checkbox entered
2024-03-07 17:25:30,177 +0530 [main] INFO  (Logger.java:112) - [TestNG] Time taken by org.testng.reporters.SuiteHTMLReporter@5aa6202e: 52 ms
2024-03-07 17:25:30,248 +0530 [main] INFO  (Logger.java:112) - [TestNG] Time taken by org.testng.reporters.jq.Main@7a356a0d: 70 ms
2024-03-07 17:25:30,249 +0530 [main] INFO  (Logger.java:112) - [TestNG] Time taken by org.testng.reporters.FailedReporter@c827db: 1 ms
2024-03-07 17:25:30,260 +0530 [main] INFO  (Logger.java:112) - [TestNG] Time taken by org.testng.reporters.XMLReporter@1358b28e: 11 ms
2024-03-07 17:25:30,273 +0530 [main] INFO  (Logger.java:112) - [TestNG] Time taken by org.testng.reporters.EmailableReporter2@304b9f1a: 12 ms
2024-03-07 17:25:30,280 +0530 [main] INFO  (Logger.java:112) - [TestNG] Time taken by org.testng.reporters.JUnitReportReporter@62315f22: 7 ms
2024-03-07 17:25:30,281 +0530 [main] INFO  (Logger.java:112) - [TestNG] Time taken by org.testng.internal.ExitCodeListener@6e4ea0bd: 0 ms
2024-03-07 17:38:11,006 +0530 [main] DEBUG (Logger.java:82) - suiteXmlPath: "C:\Users\admin\eclipse-workspace\inetbankingV2\testng.xml"
2024-03-07 17:38:11,550 +0530 [main] INFO  (Logger.java:112) - [TestNG] Running:
  C:\Users\admin\eclipse-workspace\inetbankingV2\testng.xml

2024-03-07 17:38:18,626 +0530 [main] INFO  (TC1_Login.java:14) - Url entered
2024-03-07 17:38:19,027 +0530 [main] INFO  (TC1_Login.java:19) - first name entered
2024-03-07 17:38:24,276 +0530 [main] INFO  (TC1_Login.java:23) - last name entered
2024-03-07 17:38:29,525 +0530 [main] INFO  (TC1_Login.java:27) - Address entered
2024-03-07 17:38:34,780 +0530 [main] INFO  (TC1_Login.java:31) - email entered
2024-03-07 17:38:39,951 +0530 [main] INFO  (TC1_Login.java:35) - Gender entered
2024-03-07 17:38:45,106 +0530 [main] INFO  (TC1_Login.java:39) - checkbox entered
2024-03-07 17:48:15,497 +0530 [main] DEBUG (Logger.java:82) - suiteXmlPath: "C:\Users\admin\eclipse-workspace\inetbankingV2\testng.xml"
2024-03-07 17:48:16,085 +0530 [main] INFO  (Logger.java:112) - [TestNG] Running:
  C:\Users\admin\eclipse-workspace\inetbankingV2\testng.xml

2024-03-07 17:49:26,454 +0530 [main] INFO  (TC1_Login.java:14) - Url entered
2024-03-07 17:49:32,607 +0530 [main] DEBUG (Logger.java:82) - suiteXmlPath: "C:\Users\admin\eclipse-workspace\inetbankingV2\testng.xml"
2024-03-07 17:49:33,176 +0530 [main] INFO  (Logger.java:112) - [TestNG] Running:
  C:\Users\admin\eclipse-workspace\inetbankingV2\testng.xml

2024-03-07 17:53:00,014 +0530 [main] DEBUG (Logger.java:82) - suiteXmlPath: "C:\Users\admin\eclipse-workspace\inetbankingV2\testng.xml"
2024-03-07 17:53:00,737 +0530 [main] INFO  (Logger.java:112) - [TestNG] Running:
  C:\Users\admin\eclipse-workspace\inetbankingV2\testng.xml

2024-03-07 17:53:33,608 +0530 [main] INFO  (TC1_Login.java:14) - Url entered
2024-03-07 17:53:56,393 +0530 [main] DEBUG (Logger.java:82) - suiteXmlPath: "C:\Users\admin\eclipse-workspace\inetbankingV2\testng.xml"
2024-03-07 17:53:57,249 +0530 [main] INFO  (Logger.java:112) - [TestNG] Running:
  C:\Users\admin\eclipse-workspace\inetbankingV2\testng.xml

2024-03-07 17:56:28,690 +0530 [main] INFO  (TC1_Login.java:14) - Url entered
2024-03-07 17:56:53,549 +0530 [main] DEBUG (Logger.java:82) - suiteXmlPath: "C:\Users\admin\eclipse-workspace\inetbankingV2\testng.xml"
2024-03-07 17:56:54,221 +0530 [main] INFO  (Logger.java:112) - [TestNG] Running:
  C:\Users\admin\eclipse-workspace\inetbankingV2\testng.xml

2024-03-07 17:57:27,196 +0530 [main] INFO  (TC1_Login.java:14) - Url entered
2024-03-07 17:58:31,095 +0530 [main] DEBUG (Logger.java:82) - suiteXmlPath: "C:\Users\admin\eclipse-workspace\inetbankingV2\testng.xml"
2024-03-07 17:58:31,700 +0530 [main] INFO  (Logger.java:112) - [TestNG] Running:
  C:\Users\admin\eclipse-workspace\inetbankingV2\testng.xml

2024-03-07 19:28:05,587 +0530 [main] DEBUG (Logger.java:82) - suiteXmlPath: "C:\Users\admin\eclipse-workspace\inetbankingV2\testng.xml"
2024-03-07 19:28:06,313 +0530 [main] INFO  (Logger.java:112) - [TestNG] Running:
  C:\Users\admin\eclipse-workspace\inetbankingV2\testng.xml

2024-03-07 19:28:15,282 +0530 [main] INFO  (TC1_Login.java:14) - Url entered
2024-03-07 19:28:15,483 +0530 [main] INFO  (TC1_Login.java:19) - first name entered
2024-03-07 19:28:20,536 +0530 [main] INFO  (TC1_Login.java:23) - last name entered
2024-03-07 19:28:25,592 +0530 [main] INFO  (TC1_Login.java:27) - Address entered
2024-03-07 19:28:30,665 +0530 [main] INFO  (TC1_Login.java:31) - email entered
2024-03-07 19:28:35,730 +0530 [main] INFO  (TC1_Login.java:35) - Gender entered
2024-03-07 19:28:40,776 +0530 [main] INFO  (TC1_Login.java:39) - checkbox entered
2024-03-07 19:47:01,917 +0530 [main] DEBUG (Logger.java:82) - suiteXmlPath: "C:\Users\admin\eclipse-workspace\inetbankingV2\testng.xml"
2024-03-07 19:47:03,003 +0530 [main] INFO  (Logger.java:112) - [TestNG] Running:
  C:\Users\admin\eclipse-workspace\inetbankingV2\testng.xml

2024-03-07 19:47:12,443 +0530 [main] INFO  (TC1_Login.java:14) - Url entered
2024-03-07 19:47:12,867 +0530 [main] INFO  (TC1_Login.java:19) - first name entered
2024-03-07 19:47:18,117 +0530 [main] INFO  (TC1_Login.java:23) - last name entered
2024-03-07 19:47:23,243 +0530 [main] INFO  (TC1_Login.java:27) - Address entered
2024-03-07 19:47:28,351 +0530 [main] INFO  (TC1_Login.java:31) - email entered
2024-03-07 19:47:33,557 +0530 [main] INFO  (TC1_Login.java:35) - Gender entered
2024-03-07 19:47:38,718 +0530 [main] INFO  (TC1_Login.java:39) - checkbox entered
2024-03-07 19:50:18,240 +0530 [main] DEBUG (Logger.java:82) - suiteXmlPath: "C:\Users\admin\eclipse-workspace\inetbankingV2\testng.xml"
2024-03-07 19:50:18,929 +0530 [main] INFO  (Logger.java:112) - [TestNG] Running:
  C:\Users\admin\eclipse-workspace\inetbankingV2\testng.xml

2024-03-07 19:50:36,744 +0530 [main] INFO  (TC1_Login.java:14) - Url entered
2024-03-07 19:50:37,134 +0530 [main] INFO  (TC1_Login.java:19) - first name entered
2024-03-07 19:50:42,376 +0530 [main] INFO  (TC1_Login.java:23) - last name entered
2024-03-07 19:50:47,625 +0530 [main] INFO  (TC1_Login.java:27) - Address entered
2024-03-07 19:50:52,897 +0530 [main] INFO  (TC1_Login.java:31) - email entered
2024-03-07 19:50:58,094 +0530 [main] INFO  (TC1_Login.java:35) - Gender entered
2024-03-07 19:51:03,274 +0530 [main] INFO  (TC1_Login.java:39) - checkbox entered
2024-03-07 19:57:25,851 +0530 [main] DEBUG (Logger.java:82) - suiteXmlPath: "C:\Users\admin\eclipse-workspace\inetbankingV2\testng.xml"
2024-03-07 19:57:26,316 +0530 [main] INFO  (Logger.java:112) - [TestNG] Running:
  C:\Users\admin\eclipse-workspace\inetbankingV2\testng.xml

2024-03-07 19:57:43,019 +0530 [main] INFO  (TC1_Login.java:14) - Url entered
2024-03-07 19:57:43,428 +0530 [main] INFO  (TC1_Login.java:19) - first name entered
2024-03-07 19:57:48,655 +0530 [main] INFO  (TC1_Login.java:23) - last name entered
2024-03-07 19:57:53,913 +0530 [main] INFO  (TC1_Login.java:27) - Address entered
2024-03-07 19:57:59,179 +0530 [main] INFO  (TC1_Login.java:31) - email entered
2024-03-07 19:58:04,419 +0530 [main] INFO  (TC1_Login.java:35) - Gender entered
2024-03-07 19:58:09,600 +0530 [main] INFO  (TC1_Login.java:39) - checkbox entered
2024-03-07 19:59:25,337 +0530 [main] DEBUG (Logger.java:82) - suiteXmlPath: "C:\Users\admin\eclipse-workspace\inetbankingV2\testng.xml"
2024-03-07 19:59:25,995 +0530 [main] INFO  (Logger.java:112) - [TestNG] Running:
  C:\Users\admin\eclipse-workspace\inetbankingV2\testng.xml

2024-03-07 19:59:42,899 +0530 [main] INFO  (TC1_Login.java:14) - Url entered
2024-03-07 19:59:43,243 +0530 [main] INFO  (TC1_Login.java:19) - first name entered
2024-03-07 19:59:48,548 +0530 [main] INFO  (TC1_Login.java:23) - last name entered
2024-03-07 19:59:53,808 +0530 [main] INFO  (TC1_Login.java:27) - Address entered
2024-03-07 19:59:59,144 +0530 [main] INFO  (TC1_Login.java:31) - email entered
2024-03-07 20:00:04,366 +0530 [main] INFO  (TC1_Login.java:35) - Gender entered
2024-03-07 20:00:09,483 +0530 [main] INFO  (TC1_Login.java:39) - checkbox entered
2024-03-07 20:09:25,206 +0530 [main] DEBUG (Logger.java:82) - suiteXmlPath: "C:\Users\admin\eclipse-workspace\inetbankingV2\testng.xml"
2024-03-07 20:09:25,922 +0530 [main] INFO  (Logger.java:112) - [TestNG] Running:
  C:\Users\admin\eclipse-workspace\inetbankingV2\testng.xml

2024-03-07 20:09:38,273 +0530 [main] INFO  (TC1_Login.java:14) - Url entered
2024-03-07 20:09:38,488 +0530 [main] INFO  (TC1_Login.java:19) - first name entered
2024-03-07 20:09:43,712 +0530 [main] INFO  (TC1_Login.java:23) - last name entered
2024-03-07 20:09:48,987 +0530 [main] INFO  (TC1_Login.java:27) - Address entered
2024-03-07 20:09:54,266 +0530 [main] INFO  (TC1_Login.java:31) - email entered
2024-03-07 20:09:59,490 +0530 [main] INFO  (TC1_Login.java:35) - Gender entered
2024-03-07 20:10:04,689 +0530 [main] INFO  (TC1_Login.java:39) - checkbox entered
2024-03-07 20:10:10,605 +0530 [main] DEBUG (_Log4jLoggerFactory.java:45) - Couldn't find template in cache for "v3html/v3-html-index.ftl"("en", UTF-8, parsed); will try to load it.
2024-03-07 20:10:10,609 +0530 [main] DEBUG (_Log4jLoggerFactory.java:45) - TemplateLoader.findTemplateSource("v3html/v3-html-index_en.ftl"): Not found
2024-03-07 20:10:10,615 +0530 [main] DEBUG (_Log4jLoggerFactory.java:45) - TemplateLoader.findTemplateSource("v3html/v3-html-index.ftl"): Found
2024-03-07 20:10:10,617 +0530 [main] DEBUG (_Log4jLoggerFactory.java:45) - Loading template for "v3html/v3-html-index.ftl"("en", UTF-8, parsed) from "jar:file:/C:/Users/admin/.m2/repository/com/aventstack/extentreports/4.0.9/extentreports-4.0.9.jar!/com/aventstack/extentreports/view/v3html/v3-html-index.ftl"
2024-03-07 20:10:11,046 +0530 [main] DEBUG (_Log4jLoggerFactory.java:45) - Couldn't find template in cache for "v3html/v3-html-head.ftl"("en", UTF-8, parsed); will try to load it.
2024-03-07 20:10:11,047 +0530 [main] DEBUG (_Log4jLoggerFactory.java:45) - TemplateLoader.findTemplateSource("v3html/v3-html-head_en.ftl"): Not found
2024-03-07 20:10:11,049 +0530 [main] DEBUG (_Log4jLoggerFactory.java:45) - TemplateLoader.findTemplateSource("v3html/v3-html-head.ftl"): Found
2024-03-07 20:10:11,050 +0530 [main] DEBUG (_Log4jLoggerFactory.java:45) - Loading template for "v3html/v3-html-head.ftl"("en", UTF-8, parsed) from "jar:file:/C:/Users/admin/.m2/repository/com/aventstack/extentreports/4.0.9/extentreports-4.0.9.jar!/com/aventstack/extentreports/view/v3html/v3-html-head.ftl"
2024-03-07 20:10:11,057 +0530 [main] DEBUG (_Log4jLoggerFactory.java:45) - Couldn't find template in cache for "v3html/v3-html-nav.ftl"("en", UTF-8, parsed); will try to load it.
2024-03-07 20:10:11,058 +0530 [main] DEBUG (_Log4jLoggerFactory.java:45) - TemplateLoader.findTemplateSource("v3html/v3-html-nav_en.ftl"): Not found
2024-03-07 20:10:11,059 +0530 [main] DEBUG (_Log4jLoggerFactory.java:45) - TemplateLoader.findTemplateSource("v3html/v3-html-nav.ftl"): Found
2024-03-07 20:10:11,059 +0530 [main] DEBUG (_Log4jLoggerFactory.java:45) - Loading template for "v3html/v3-html-nav.ftl"("en", UTF-8, parsed) from "jar:file:/C:/Users/admin/.m2/repository/com/aventstack/extentreports/4.0.9/extentreports-4.0.9.jar!/com/aventstack/extentreports/view/v3html/v3-html-nav.ftl"
2024-03-07 20:10:11,075 +0530 [main] DEBUG (_Log4jLoggerFactory.java:45) - Couldn't find template in cache for "v3html/test-view/v3-html-test-view.ftl"("en", UTF-8, parsed); will try to load it.
2024-03-07 20:10:11,076 +0530 [main] DEBUG (_Log4jLoggerFactory.java:45) - TemplateLoader.findTemplateSource("v3html/test-view/v3-html-test-view_en.ftl"): Not found
2024-03-07 20:10:11,077 +0530 [main] DEBUG (_Log4jLoggerFactory.java:45) - TemplateLoader.findTemplateSource("v3html/test-view/v3-html-test-view.ftl"): Found
2024-03-07 20:10:11,078 +0530 [main] DEBUG (_Log4jLoggerFactory.java:45) - Loading template for "v3html/test-view/v3-html-test-view.ftl"("en", UTF-8, parsed) from "jar:file:/C:/Users/admin/.m2/repository/com/aventstack/extentreports/4.0.9/extentreports-4.0.9.jar!/com/aventstack/extentreports/view/v3html/test-view/v3-html-test-view.ftl"
2024-03-07 20:10:11,099 +0530 [main] DEBUG (_Log4jLoggerFactory.java:45) - Couldn't find template in cache for "v3html/test-view/v3-html-test-view-charts.ftl"("en", UTF-8, parsed); will try to load it.
2024-03-07 20:10:11,100 +0530 [main] DEBUG (_Log4jLoggerFactory.java:45) - TemplateLoader.findTemplateSource("v3html/test-view/v3-html-test-view-charts_en.ftl"): Not found
2024-03-07 20:10:11,101 +0530 [main] DEBUG (_Log4jLoggerFactory.java:45) - TemplateLoader.findTemplateSource("v3html/test-view/v3-html-test-view-charts.ftl"): Found
2024-03-07 20:10:11,101 +0530 [main] DEBUG (_Log4jLoggerFactory.java:45) - Loading template for "v3html/test-view/v3-html-test-view-charts.ftl"("en", UTF-8, parsed) from "jar:file:/C:/Users/admin/.m2/repository/com/aventstack/extentreports/4.0.9/extentreports-4.0.9.jar!/com/aventstack/extentreports/view/v3html/test-view/v3-html-test-view-charts.ftl"
2024-03-07 20:10:11,122 +0530 [main] DEBUG (_Log4jLoggerFactory.java:45) - Couldn't find template in cache for "v3html/test-view/v3-html-standard.ftl"("en", UTF-8, parsed); will try to load it.
2024-03-07 20:10:11,123 +0530 [main] DEBUG (_Log4jLoggerFactory.java:45) - TemplateLoader.findTemplateSource("v3html/test-view/v3-html-standard_en.ftl"): Not found
2024-03-07 20:10:11,123 +0530 [main] DEBUG (_Log4jLoggerFactory.java:45) - TemplateLoader.findTemplateSource("v3html/test-view/v3-html-standard.ftl"): Found
2024-03-07 20:10:11,124 +0530 [main] DEBUG (_Log4jLoggerFactory.java:45) - Loading template for "v3html/test-view/v3-html-standard.ftl"("en", UTF-8, parsed) from "jar:file:/C:/Users/admin/.m2/repository/com/aventstack/extentreports/4.0.9/extentreports-4.0.9.jar!/com/aventstack/extentreports/view/v3html/test-view/v3-html-standard.ftl"
2024-03-07 20:10:11,146 +0530 [main] DEBUG (_Log4jLoggerFactory.java:45) - Couldn't find template in cache for "v3html/category-view/v3-html-category-view.ftl"("en", UTF-8, parsed); will try to load it.
2024-03-07 20:10:11,147 +0530 [main] DEBUG (_Log4jLoggerFactory.java:45) - TemplateLoader.findTemplateSource("v3html/category-view/v3-html-category-view_en.ftl"): Not found
2024-03-07 20:10:11,149 +0530 [main] DEBUG (_Log4jLoggerFactory.java:45) - TemplateLoader.findTemplateSource("v3html/category-view/v3-html-category-view.ftl"): Found
2024-03-07 20:10:11,149 +0530 [main] DEBUG (_Log4jLoggerFactory.java:45) - Loading template for "v3html/category-view/v3-html-category-view.ftl"("en", UTF-8, parsed) from "jar:file:/C:/Users/admin/.m2/repository/com/aventstack/extentreports/4.0.9/extentreports-4.0.9.jar!/com/aventstack/extentreports/view/v3html/category-view/v3-html-category-view.ftl"
2024-03-07 20:10:11,154 +0530 [main] DEBUG (_Log4jLoggerFactory.java:45) - Couldn't find template in cache for "v3html/exception-view/v3-html-exception-view.ftl"("en", UTF-8, parsed); will try to load it.
2024-03-07 20:10:11,156 +0530 [main] DEBUG (_Log4jLoggerFactory.java:45) - TemplateLoader.findTemplateSource("v3html/exception-view/v3-html-exception-view_en.ftl"): Not found
2024-03-07 20:10:11,157 +0530 [main] DEBUG (_Log4jLoggerFactory.java:45) - TemplateLoader.findTemplateSource("v3html/exception-view/v3-html-exception-view.ftl"): Found
2024-03-07 20:10:11,157 +0530 [main] DEBUG (_Log4jLoggerFactory.java:45) - Loading template for "v3html/exception-view/v3-html-exception-view.ftl"("en", UTF-8, parsed) from "jar:file:/C:/Users/admin/.m2/repository/com/aventstack/extentreports/4.0.9/extentreports-4.0.9.jar!/com/aventstack/extentreports/view/v3html/exception-view/v3-html-exception-view.ftl"
2024-03-07 20:10:11,164 +0530 [main] DEBUG (_Log4jLoggerFactory.java:45) - Couldn't find template in cache for "v3html/author-view/v3-html-author-view.ftl"("en", UTF-8, parsed); will try to load it.
2024-03-07 20:10:11,165 +0530 [main] DEBUG (_Log4jLoggerFactory.java:45) - TemplateLoader.findTemplateSource("v3html/author-view/v3-html-author-view_en.ftl"): Not found
2024-03-07 20:10:11,167 +0530 [main] DEBUG (_Log4jLoggerFactory.java:45) - TemplateLoader.findTemplateSource("v3html/author-view/v3-html-author-view.ftl"): Found
2024-03-07 20:10:11,167 +0530 [main] DEBUG (_Log4jLoggerFactory.java:45) - Loading template for "v3html/author-view/v3-html-author-view.ftl"("en", UTF-8, parsed) from "jar:file:/C:/Users/admin/.m2/repository/com/aventstack/extentreports/4.0.9/extentreports-4.0.9.jar!/com/aventstack/extentreports/view/v3html/author-view/v3-html-author-view.ftl"
2024-03-07 20:10:11,174 +0530 [main] DEBUG (_Log4jLoggerFactory.java:45) - Couldn't find template in cache for "v3html/dashboard-view/v3-html-dashboard-view.ftl"("en", UTF-8, parsed); will try to load it.
2024-03-07 20:10:11,175 +0530 [main] DEBUG (_Log4jLoggerFactory.java:45) - TemplateLoader.findTemplateSource("v3html/dashboard-view/v3-html-dashboard-view_en.ftl"): Not found
2024-03-07 20:10:11,176 +0530 [main] DEBUG (_Log4jLoggerFactory.java:45) - TemplateLoader.findTemplateSource("v3html/dashboard-view/v3-html-dashboard-view.ftl"): Found
2024-03-07 20:10:11,177 +0530 [main] DEBUG (_Log4jLoggerFactory.java:45) - Loading template for "v3html/dashboard-view/v3-html-dashboard-view.ftl"("en", UTF-8, parsed) from "jar:file:/C:/Users/admin/.m2/repository/com/aventstack/extentreports/4.0.9/extentreports-4.0.9.jar!/com/aventstack/extentreports/view/v3html/dashboard-view/v3-html-dashboard-view.ftl"
2024-03-07 20:10:11,192 +0530 [main] DEBUG (_Log4jLoggerFactory.java:45) - Couldn't find template in cache for "v3html/logs-view/v3-html-testrunner-logs-view.ftl"("en", UTF-8, parsed); will try to load it.
2024-03-07 20:10:11,193 +0530 [main] DEBUG (_Log4jLoggerFactory.java:45) - TemplateLoader.findTemplateSource("v3html/logs-view/v3-html-testrunner-logs-view_en.ftl"): Not found
2024-03-07 20:10:11,194 +0530 [main] DEBUG (_Log4jLoggerFactory.java:45) - TemplateLoader.findTemplateSource("v3html/logs-view/v3-html-testrunner-logs-view.ftl"): Found
2024-03-07 20:10:11,196 +0530 [main] DEBUG (_Log4jLoggerFactory.java:45) - Loading template for "v3html/logs-view/v3-html-testrunner-logs-view.ftl"("en", UTF-8, parsed) from "jar:file:/C:/Users/admin/.m2/repository/com/aventstack/extentreports/4.0.9/extentreports-4.0.9.jar!/com/aventstack/extentreports/view/v3html/logs-view/v3-html-testrunner-logs-view.ftl"
